# JRE version: Java(TM) SE Runtime Environment (8.0_40-b25) (build 1.8.0_40-b25)
# Java VM: Java HotSpot(TM) 64-Bit Server VM (25.40-b25 mixed mode linux-amd64 compressed oops)
Heap:
 PSYoungGen      total 128000K, used 5090K [0x00000000eab00000, 0x00000000f2d00000, 0x0000000100000000)
  eden space 122880K, 0% used [0x00000000eab00000,0x00000000eab00000,0x00000000f2300000)
  from space 5120K, 99% used [0x00000000f2300000,0x00000000f27f88b8,0x00000000f2800000)
  to   space 5120K, 0% used [0x00000000f2800000,0x00000000f2800000,0x00000000f2d00000)
 ParOldGen       total 81920K, used 31655K [0x00000000c0000000, 0x00000000c5000000, 0x00000000eab00000)
  object space 81920K, 38% used [0x00000000c0000000,0x00000000c1ee9cd8,0x00000000c5000000)
 Metaspace       used 7431K, capacity 7998K, committed 8192K, reserved 1056768K
  class space    used 712K, capacity 753K, committed 768K, reserved 1048576K
GC Heap History (9 events):
Event: 1.040 GC heap before
{Heap before GC invocations=1 (full 0):
 PSYoungGen      total 35840K, used 30720K [0x00000000eab00000, 0x00000000ed300000, 0x0000000100000000)
  eden space 30720K, 100% used [0x00000000eab00000,0x00000000ec900000,0x00000000ec900000)
  from space 5120K, 0% used [0x00000000ece00000,0x00000000ece00000,0x00000000ed300000)
  to   space 5120K, 0% used [0x00000000ec900000,0x00000000ec900000,0x00000000ece00000)
 ParOldGen       total 81920K, used 0K [0x00000000c0000000, 0x00000000c5000000, 0x00000000eab00000)
  object space 81920K, 0% used [0x00000000c0000000,0x00000000c0000000,0x00000000c5000000)
 Metaspace       used 5592K, capacity 6896K, committed 7040K, reserved 1056768K
  class space    used 549K, capacity 616K, committed 640K, reserved 1048576K
Event: 1.059 GC heap after
Heap after GC invocations=1 (full 0):
 PSYoungGen      total 35840K, used 5091K [0x00000000eab00000, 0x00000000ef100000, 0x0000000100000000)
  eden space 30720K, 0% used [0x00000000eab00000,0x00000000eab00000,0x00000000ec900000)
  from space 5120K, 99% used [0x00000000ec900000,0x00000000ecdf8d58,0x00000000ece00000)
  to   space 5120K, 0% used [0x00000000eec00000,0x00000000eec00000,0x00000000ef100000)
 ParOldGen       total 81920K, used 2060K [0x00000000c0000000, 0x00000000c5000000, 0x00000000eab00000)
  object space 81920K, 2% used [0x00000000c0000000,0x00000000c0203308,0x00000000c5000000)
 Metaspace       used 5592K, capacity 6896K, committed 7040K, reserved 1056768K
  class space    used 549K, capacity 616K, committed 640K, reserved 1048576K
}
Event: 1.527 GC heap before
{Heap before GC invocations=2 (full 0):
 PSYoungGen      total 35840K, used 35811K [0x00000000eab00000, 0x00000000ef100000, 0x0000000100000000)
  eden space 30720K, 100% used [0x00000000eab00000,0x00000000ec900000,0x00000000ec900000)
  from space 5120K, 99% used [0x00000000ec900000,0x00000000ecdf8d58,0x00000000ece00000)
  to   space 5120K, 0% used [0x00000000eec00000,0x00000000eec00000,0x00000000ef100000)
 ParOldGen       total 81920K, used 2060K [0x00000000c0000000, 0x00000000c5000000, 0x00000000eab00000)
  object space 81920K, 2% used [0x00000000c0000000,0x00000000c0203308,0x00000000c5000000)
 Metaspace       used 7210K, capacity 7864K, committed 7936K, reserved 1056768K
  class space    used 702K, capacity 752K, committed 768K, reserved 1048576K
Event: 1.544 GC heap after
Heap after GC invocations=2 (full 0):
 PSYoungGen      total 66560K, used 5091K [0x00000000eab00000, 0x00000000ef100000, 0x0000000100000000)
  eden space 61440K, 0% used [0x00000000eab00000,0x00000000eab00000,0x00000000ee700000)
  from space 5120K, 99% used [0x00000000eec00000,0x00000000ef0f8c08,0x00000000ef100000)
  to   space 5120K, 0% used [0x00000000ee700000,0x00000000ee700000,0x00000000eec00000)
 ParOldGen       total 81920K, used 8411K [0x00000000c0000000, 0x00000000c5000000, 0x00000000eab00000)
  object space 81920K, 10% used [0x00000000c0000000,0x00000000c0836d60,0x00000000c5000000)
 Metaspace       used 7210K, capacity 7864K, committed 7936K, reserved 1056768K
  class space    used 702K, capacity 752K, committed 768K, reserved 1048576K
}
Event: 2.026 GC heap before
{Heap before GC invocations=3 (full 0):
 PSYoungGen      total 66560K, used 65034K [0x00000000eab00000, 0x00000000ef100000, 0x0000000100000000)
  eden space 61440K, 97% used [0x00000000eab00000,0x00000000ee589fe0,0x00000000ee700000)
  from space 5120K, 99% used [0x00000000eec00000,0x00000000ef0f8c08,0x00000000ef100000)
  to   space 5120K, 0% used [0x00000000ee700000,0x00000000ee700000,0x00000000eec00000)
 ParOldGen       total 81920K, used 8411K [0x00000000c0000000, 0x00000000c5000000, 0x00000000eab00000)
  object space 81920K, 10% used [0x00000000c0000000,0x00000000c0836d60,0x00000000c5000000)
 Metaspace       used 7328K, capacity 7928K, committed 8192K, reserved 1056768K
  class space    used 703K, capacity 752K, committed 768K, reserved 1048576K
Event: 2.062 GC heap after
Heap after GC invocations=3 (full 0):
 PSYoungGen      total 66560K, used 5094K [0x00000000eab00000, 0x00000000f2d00000, 0x0000000100000000)
  eden space 61440K, 0% used [0x00000000eab00000,0x00000000eab00000,0x00000000ee700000)
  from space 5120K, 99% used [0x00000000ee700000,0x00000000eebf9800,0x00000000eec00000)
  to   space 5120K, 0% used [0x00000000f2800000,0x00000000f2800000,0x00000000f2d00000)
 ParOldGen       total 81920K, used 9978K [0x00000000c0000000, 0x00000000c5000000, 0x00000000eab00000)
  object space 81920K, 12% used [0x00000000c0000000,0x00000000c09be970,0x00000000c5000000)
 Metaspace       used 7328K, capacity 7928K, committed 8192K, reserved 1056768K
  class space    used 703K, capacity 752K, committed 768K, reserved 1048576K
}
Event: 2.354 GC heap before
{Heap before GC invocations=4 (full 0):
 PSYoungGen      total 66560K, used 66534K [0x00000000eab00000, 0x00000000f2d00000, 0x0000000100000000)
  eden space 61440K, 100% used [0x00000000eab00000,0x00000000ee700000,0x00000000ee700000)
  from space 5120K, 99% used [0x00000000ee700000,0x00000000eebf9800,0x00000000eec00000)
  to   space 5120K, 0% used [0x00000000f2800000,0x00000000f2800000,0x00000000f2d00000)
 ParOldGen       total 81920K, used 9978K [0x00000000c0000000, 0x00000000c5000000, 0x00000000eab00000)
  object space 81920K, 12% used [0x00000000c0000000,0x00000000c09be970,0x00000000c5000000)
 Metaspace       used 7341K, capacity 7992K, committed 8192K, reserved 1056768K
  class space    used 703K, capacity 752K, committed 768K, reserved 1048576K
Event: 2.373 GC heap after
Heap after GC invocations=4 (full 0):
 PSYoungGen      total 128000K, used 5117K [0x00000000eab00000, 0x00000000f2d00000, 0x0000000100000000)
  eden space 122880K, 0% used [0x00000000eab00000,0x00000000eab00000,0x00000000f2300000)
  from space 5120K, 99% used [0x00000000f2800000,0x00000000f2cff7a0,0x00000000f2d00000)
  to   space 5120K, 0% used [0x00000000f2300000,0x00000000f2300000,0x00000000f2800000)
 ParOldGen       total 81920K, used 15564K [0x00000000c0000000, 0x00000000c5000000, 0x00000000eab00000)
  object space 81920K, 18% used [0x00000000c0000000,0x00000000c0f33030,0x00000000c5000000)
 Metaspace       used 7341K, capacity 7992K, committed 8192K, reserved 1056768K
  class space    used 703K, capacity 752K, committed 768K, reserved 1048576K
}
Event: 3.034 GC heap before
{Heap before GC invocations=5 (full 0):
 PSYoungGen      total 128000K, used 127997K [0x00000000eab00000, 0x00000000f2d00000, 0x0000000100000000)
  eden space 122880K, 100% used [0x00000000eab00000,0x00000000f2300000,0x00000000f2300000)
  from space 5120K, 99% used [0x00000000f2800000,0x00000000f2cff7a0,0x00000000f2d00000)
  to   space 5120K, 0% used [0x00000000f2300000,0x00000000f2300000,0x00000000f2800000)
 ParOldGen       total 81920K, used 15564K [0x00000000c0000000, 0x00000000c5000000, 0x00000000eab00000)
  object space 81920K, 18% used [0x00000000c0000000,0x00000000c0f33030,0x00000000c5000000)
 Metaspace       used 7431K, capacity 7998K, committed 8192K, reserved 1056768K
  class space    used 712K, capacity 753K, committed 768K, reserved 1048576K

